<?xml version="1.0" encoding="UTF-8"?>
<coverage generated="1778318716">
  <project timestamp="1778318716" name="Clover Coverage">
    <package name="App\MarketGovernanceContext\Broker\Application">
      <file name="/home/mirukibs/Development/TanTrade-B2B-Platform/Backend/app/MarketGovernanceContext/Broker/Application/BrokerService.php">
        <class name="App\MarketGovernanceContext\Broker\Application\BrokerService" namespace="App\MarketGovernanceContext\Broker\Application">
          <metrics complexity="7" methods="5" coveredmethods="4" conditionals="0" coveredconditionals="0" statements="15" coveredstatements="14" elements="20" coveredelements="18"/>
        </class>
        <line num="13" type="method" name="__construct" visibility="public" complexity="1" crap="1" count="3"/>
        <line num="17" type="stmt" count="3"/>
        <line num="19" type="method" name="register" visibility="public" complexity="2" crap="2" count="3"/>
        <line num="21" type="stmt" count="3"/>
        <line num="22" type="stmt" count="3"/>
        <line num="23" type="stmt" count="1"/>
        <line num="26" type="stmt" count="2"/>
        <line num="27" type="stmt" count="2"/>
        <line num="29" type="stmt" count="2"/>
        <line num="32" type="method" name="deactivate" visibility="public" complexity="1" crap="1" count="2"/>
        <line num="34" type="stmt" count="2"/>
        <line num="35" type="stmt" count="2"/>
        <line num="37" type="stmt" count="2"/>
        <line num="40" type="method" name="show" visibility="public" complexity="1" crap="1" count="1"/>
        <line num="42" type="stmt" count="1"/>
        <line num="45" type="method" name="requireRegistration" visibility="private" complexity="2" crap="2.06" count="2"/>
        <line num="47" type="stmt" count="2"/>
        <line num="48" type="stmt" count="2"/>
        <line num="49" type="stmt" count="0"/>
        <line num="52" type="stmt" count="2"/>
        <metrics loc="55" ncloc="55" classes="1" methods="5" coveredmethods="4" conditionals="0" coveredconditionals="0" statements="15" coveredstatements="14" elements="20" coveredelements="18"/>
      </file>
    </package>
    <package name="App\MarketGovernanceContext\Broker\Domain\Entities">
      <file name="/home/mirukibs/Development/TanTrade-B2B-Platform/Backend/app/MarketGovernanceContext/Broker/Domain/Entities/BrokerRegistration.php">
        <class name="App\MarketGovernanceContext\Broker\Domain\Entities\BrokerRegistration" namespace="App\MarketGovernanceContext\Broker\Domain\Entities">
          <metrics complexity="4" methods="4" coveredmethods="4" conditionals="0" coveredconditionals="0" statements="20" coveredstatements="20" elements="24" coveredelements="24"/>
        </class>
        <line num="9" type="method" name="__construct" visibility="public" complexity="1" crap="1" count="4"/>
        <line num="17" type="stmt" count="4"/>
        <line num="19" type="method" name="id" visibility="public" complexity="1" crap="1" count="2"/>
        <line num="21" type="stmt" count="2"/>
        <line num="24" type="method" name="withStatus" visibility="public" complexity="1" crap="1" count="4"/>
        <line num="26" type="stmt" count="4"/>
        <line num="27" type="stmt" count="4"/>
        <line num="28" type="stmt" count="4"/>
        <line num="29" type="stmt" count="4"/>
        <line num="30" type="stmt" count="4"/>
        <line num="31" type="stmt" count="4"/>
        <line num="32" type="stmt" count="4"/>
        <line num="33" type="stmt" count="4"/>
        <line num="34" type="stmt" count="4"/>
        <line num="37" type="method" name="toArray" visibility="public" complexity="1" crap="1" count="4"/>
        <line num="39" type="stmt" count="4"/>
        <line num="40" type="stmt" count="4"/>
        <line num="41" type="stmt" count="4"/>
        <line num="42" type="stmt" count="4"/>
        <line num="43" type="stmt" count="4"/>
        <line num="44" type="stmt" count="4"/>
        <line num="45" type="stmt" count="4"/>
        <line num="46" type="stmt" count="4"/>
        <line num="47" type="stmt" count="4"/>
        <metrics loc="50" ncloc="50" classes="1" methods="4" coveredmethods="4" conditionals="0" coveredconditionals="0" statements="20" coveredstatements="20" elements="24" coveredelements="24"/>
      </file>
    </package>
    <package name="App\MarketGovernanceContext\Broker\Domain\Factories">
      <file name="/home/mirukibs/Development/TanTrade-B2B-Platform/Backend/app/MarketGovernanceContext/Broker/Domain/Factories/BrokerFactory.php">
        <class name="App\MarketGovernanceContext\Broker\Domain\Factories\BrokerFactory" namespace="App\MarketGovernanceContext\Broker\Domain\Factories">
          <metrics complexity="4" methods="2" coveredmethods="2" conditionals="0" coveredconditionals="0" statements="18" coveredstatements="18" elements="20" coveredelements="20"/>
        </class>
        <line num="11" type="method" name="create" visibility="public" complexity="1" crap="1" count="3"/>
        <line num="13" type="stmt" count="3"/>
        <line num="14" type="stmt" count="3"/>
        <line num="15" type="stmt" count="3"/>
        <line num="16" type="stmt" count="3"/>
        <line num="17" type="stmt" count="3"/>
        <line num="18" type="stmt" count="3"/>
        <line num="19" type="stmt" count="3"/>
        <line num="20" type="stmt" count="3"/>
        <line num="21" type="stmt" count="3"/>
        <line num="24" type="method" name="fromState" visibility="public" complexity="3" crap="3" count="3"/>
        <line num="26" type="stmt" count="3"/>
        <line num="27" type="stmt" count="3"/>
        <line num="28" type="stmt" count="3"/>
        <line num="29" type="stmt" count="3"/>
        <line num="30" type="stmt" count="3"/>
        <line num="31" type="stmt" count="3"/>
        <line num="32" type="stmt" count="3"/>
        <line num="33" type="stmt" count="3"/>
        <line num="34" type="stmt" count="3"/>
        <metrics loc="37" ncloc="37" classes="1" methods="2" coveredmethods="2" conditionals="0" coveredconditionals="0" statements="18" coveredstatements="18" elements="20" coveredelements="20"/>
      </file>
    </package>
    <file name="/home/mirukibs/Development/TanTrade-B2B-Platform/Backend/app/MarketGovernanceContext/Broker/Domain/Repositories/BrokerRepository.php">
      <metrics loc="18" ncloc="18" classes="0" methods="0" coveredmethods="0" conditionals="0" coveredconditionals="0" statements="0" coveredstatements="0" elements="0" coveredelements="0"/>
    </file>
    <package name="App\MarketGovernanceContext\Broker\Infrastructure">
      <file name="/home/mirukibs/Development/TanTrade-B2B-Platform/Backend/app/MarketGovernanceContext/Broker/Infrastructure/BrokerServiceProvider.php">
        <class name="App\MarketGovernanceContext\Broker\Infrastructure\BrokerServiceProvider" namespace="App\MarketGovernanceContext\Broker\Infrastructure">
          <metrics complexity="2" methods="2" coveredmethods="2" conditionals="0" coveredconditionals="0" statements="5" coveredstatements="5" elements="7" coveredelements="7"/>
        </class>
        <line num="12" type="method" name="register" visibility="public" complexity="1" crap="1" count="67"/>
        <line num="14" type="stmt" count="67"/>
        <line num="17" type="method" name="boot" visibility="public" complexity="1" crap="1" count="67"/>
        <line num="19" type="stmt" count="67"/>
        <line num="21" type="stmt" count="67"/>
        <line num="22" type="stmt" count="67"/>
        <line num="23" type="stmt" count="67"/>
        <metrics loc="26" ncloc="26" classes="1" methods="2" coveredmethods="2" conditionals="0" coveredconditionals="0" statements="5" coveredstatements="5" elements="7" coveredelements="7"/>
      </file>
    </package>
    <package name="App\MarketGovernanceContext\Broker\Infrastructure\Models">
      <file name="/home/mirukibs/Development/TanTrade-B2B-Platform/Backend/app/MarketGovernanceContext/Broker/Infrastructure/Models/BrokerRegistration.php">
        <class name="App\MarketGovernanceContext\Broker\Infrastructure\Models\BrokerRegistration" namespace="App\MarketGovernanceContext\Broker\Infrastructure\Models">
          <metrics complexity="0" methods="0" coveredmethods="0" conditionals="0" coveredconditionals="0" statements="0" coveredstatements="0" elements="0" coveredelements="0"/>
        </class>
        <metrics loc="22" ncloc="22" classes="0" methods="0" coveredmethods="0" conditionals="0" coveredconditionals="0" statements="0" coveredstatements="0" elements="0" coveredelements="0"/>
      </file>
    </package>
    <file name="/home/mirukibs/Development/TanTrade-B2B-Platform/Backend/app/MarketGovernanceContext/Broker/Infrastructure/Persistence/Migrations/2026_05_08_000004_create_market_governance_broker_registrations_table.php">
      <line num="7" type="stmt" count="1"/>
      <line num="8" type="stmt" count="1"/>
      <line num="11" type="stmt" count="1"/>
      <line num="12" type="stmt" count="1"/>
      <line num="13" type="stmt" count="1"/>
      <line num="14" type="stmt" count="1"/>
      <line num="15" type="stmt" count="1"/>
      <line num="16" type="stmt" count="1"/>
      <line num="17" type="stmt" count="1"/>
      <line num="18" type="stmt" count="1"/>
      <line num="19" type="stmt" count="1"/>
      <line num="20" type="stmt" count="1"/>
      <line num="21" type="stmt" count="1"/>
      <line num="22" type="stmt" count="1"/>
      <line num="23" type="stmt" count="1"/>
      <line num="24" type="stmt" count="1"/>
      <line num="25" type="stmt" count="1"/>
      <line num="27" type="stmt" count="1"/>
      <line num="28" type="stmt" count="1"/>
      <line num="29" type="stmt" count="1"/>
      <line num="30" type="stmt" count="1"/>
      <line num="31" type="stmt" count="1"/>
      <line num="36" type="stmt" count="0"/>
      <line num="38" type="stmt" count="1"/>
      <metrics loc="39" ncloc="39" classes="0" methods="0" coveredmethods="0" conditionals="0" coveredconditionals="0" statements="24" coveredstatements="23" elements="24" coveredelements="23"/>
    </file>
    <package name="App\MarketGovernanceContext\Broker\Infrastructure\Repositories">
      <file name="/home/mirukibs/Development/TanTrade-B2B-Platform/Backend/app/MarketGovernanceContext/Broker/Infrastructure/Repositories/EloquentBrokerRepository.php">
        <class name="App\MarketGovernanceContext\Broker\Infrastructure\Repositories\EloquentBrokerRepository" namespace="App\MarketGovernanceContext\Broker\Infrastructure\Repositories">
          <metrics complexity="6" methods="5" coveredmethods="4" conditionals="0" coveredconditionals="0" statements="27" coveredstatements="26" elements="32" coveredelements="30"/>
        </class>
        <line num="14" type="method" name="__construct" visibility="public" complexity="1" crap="1" count="13"/>
        <line num="16" type="method" name="create" visibility="public" complexity="1" crap="1" count="3"/>
        <line num="18" type="stmt" count="3"/>
        <line num="20" type="stmt" count="3"/>
        <line num="21" type="stmt" count="3"/>
        <line num="22" type="stmt" count="3"/>
        <line num="23" type="stmt" count="3"/>
        <line num="24" type="stmt" count="3"/>
        <line num="25" type="stmt" count="3"/>
        <line num="26" type="stmt" count="3"/>
        <line num="28" type="stmt" count="3"/>
        <line num="31" type="method" name="update" visibility="public" complexity="1" crap="1" count="3"/>
        <line num="33" type="stmt" count="3"/>
        <line num="35" type="stmt" count="3"/>
        <line num="36" type="stmt" count="3"/>
        <line num="37" type="stmt" count="3"/>
        <line num="38" type="stmt" count="3"/>
        <line num="39" type="stmt" count="3"/>
        <line num="40" type="stmt" count="3"/>
        <line num="41" type="stmt" count="3"/>
        <line num="43" type="stmt" count="3"/>
        <line num="46" type="method" name="findById" visibility="public" complexity="2" crap="2.06" count="3"/>
        <line num="48" type="stmt" count="3"/>
        <line num="49" type="stmt" count="3"/>
        <line num="50" type="stmt" count="0"/>
        <line num="53" type="stmt" count="3"/>
        <line num="56" type="method" name="hasActiveRegistrationForPerson" visibility="public" complexity="1" crap="1" count="9"/>
        <line num="58" type="stmt" count="9"/>
        <line num="59" type="stmt" count="9"/>
        <line num="60" type="stmt" count="9"/>
        <line num="61" type="stmt" count="9"/>
        <metrics loc="64" ncloc="64" classes="1" methods="5" coveredmethods="4" conditionals="0" coveredconditionals="0" statements="27" coveredstatements="26" elements="32" coveredelements="30"/>
      </file>
    </package>
    <package name="App\MarketGovernanceContext\Broker\Presentation\Http">
      <file name="/home/mirukibs/Development/TanTrade-B2B-Platform/Backend/app/MarketGovernanceContext/Broker/Presentation/Http/BrokerController.php">
        <class name="App\MarketGovernanceContext\Broker\Presentation\Http\BrokerController" namespace="App\MarketGovernanceContext\Broker\Presentation\Http">
          <metrics complexity="3" methods="3" coveredmethods="3" conditionals="0" coveredconditionals="0" statements="10" coveredstatements="10" elements="13" coveredelements="13"/>
        </class>
        <line num="13" type="method" name="store" visibility="public" complexity="1" crap="1" count="1"/>
        <line num="15" type="stmt" count="1"/>
        <line num="16" type="stmt" count="1"/>
        <line num="17" type="stmt" count="1"/>
        <line num="18" type="stmt" count="1"/>
        <line num="19" type="stmt" count="1"/>
        <line num="21" type="stmt" count="1"/>
        <line num="23" type="stmt" count="1"/>
        <line num="26" type="method" name="show" visibility="public" complexity="1" crap="1" count="1"/>
        <line num="28" type="stmt" count="1"/>
        <line num="31" type="method" name="deactivate" visibility="public" complexity="1" crap="1" count="1"/>
        <line num="33" type="stmt" count="1"/>
        <line num="35" type="stmt" count="1"/>
        <metrics loc="38" ncloc="38" classes="1" methods="3" coveredmethods="3" conditionals="0" coveredconditionals="0" statements="10" coveredstatements="10" elements="13" coveredelements="13"/>
      </file>
    </package>
    <file name="/home/mirukibs/Development/TanTrade-B2B-Platform/Backend/app/MarketGovernanceContext/Broker/Presentation/api.php">
      <line num="6" type="stmt" count="67"/>
      <line num="7" type="stmt" count="67"/>
      <line num="8" type="stmt" count="67"/>
      <line num="9" type="stmt" count="67"/>
      <line num="10" type="stmt" count="67"/>
      <metrics loc="11" ncloc="11" classes="0" methods="0" coveredmethods="0" conditionals="0" coveredconditionals="0" statements="5" coveredstatements="5" elements="5" coveredelements="5"/>
    </file>
    <package name="App\MarketGovernanceContext\Broker\Tests\Feature">
      <file name="/home/mirukibs/Development/TanTrade-B2B-Platform/Backend/app/MarketGovernanceContext/Broker/Tests/Feature/BrokerApiTest.php">
        <class name="App\MarketGovernanceContext\Broker\Tests\Feature\BrokerApiTest" namespace="App\MarketGovernanceContext\Broker\Tests\Feature">
          <metrics complexity="1" methods="1" coveredmethods="1" conditionals="0" coveredconditionals="0" statements="40" coveredstatements="40" elements="41" coveredelements="41"/>
        </class>
        <line num="16" type="method" name="test_broker_endpoints" visibility="public" complexity="1" crap="1" count="1"/>
        <line num="18" type="stmt" count="1"/>
        <line num="19" type="stmt" count="1"/>
        <line num="20" type="stmt" count="1"/>
        <line num="21" type="stmt" count="1"/>
        <line num="22" type="stmt" count="1"/>
        <line num="24" type="stmt" count="1"/>
        <line num="25" type="stmt" count="1"/>
        <line num="26" type="stmt" count="1"/>
        <line num="27" type="stmt" count="1"/>
        <line num="28" type="stmt" count="1"/>
        <line num="29" type="stmt" count="1"/>
        <line num="30" type="stmt" count="1"/>
        <line num="31" type="stmt" count="1"/>
        <line num="32" type="stmt" count="1"/>
        <line num="33" type="stmt" count="1"/>
        <line num="34" type="stmt" count="1"/>
        <line num="35" type="stmt" count="1"/>
        <line num="37" type="stmt" count="1"/>
        <line num="38" type="stmt" count="1"/>
        <line num="39" type="stmt" count="1"/>
        <line num="40" type="stmt" count="1"/>
        <line num="41" type="stmt" count="1"/>
        <line num="42" type="stmt" count="1"/>
        <line num="43" type="stmt" count="1"/>
        <line num="44" type="stmt" count="1"/>
        <line num="45" type="stmt" count="1"/>
        <line num="47" type="stmt" count="1"/>
        <line num="48" type="stmt" count="1"/>
        <line num="49" type="stmt" count="1"/>
        <line num="50" type="stmt" count="1"/>
        <line num="51" type="stmt" count="1"/>
        <line num="52" type="stmt" count="1"/>
        <line num="54" type="stmt" count="1"/>
        <line num="55" type="stmt" count="1"/>
        <line num="57" type="stmt" count="1"/>
        <line num="58" type="stmt" count="1"/>
        <line num="59" type="stmt" count="1"/>
        <line num="61" type="stmt" count="1"/>
        <line num="62" type="stmt" count="1"/>
        <line num="63" type="stmt" count="1"/>
        <metrics loc="66" ncloc="66" classes="1" methods="1" coveredmethods="1" conditionals="0" coveredconditionals="0" statements="40" coveredstatements="40" elements="41" coveredelements="41"/>
      </file>
    </package>
    <package name="App\MarketGovernanceContext\Broker\Tests\Unit">
      <file name="/home/mirukibs/Development/TanTrade-B2B-Platform/Backend/app/MarketGovernanceContext/Broker/Tests/Unit/BrokerRegistrationTest.php">
        <class name="App\MarketGovernanceContext\Broker\Tests\Unit\BrokerRegistrationTest" namespace="App\MarketGovernanceContext\Broker\Tests\Unit">
          <metrics complexity="1" methods="1" coveredmethods="1" conditionals="0" coveredconditionals="0" statements="12" coveredstatements="12" elements="13" coveredelements="13"/>
        </class>
        <line num="11" type="method" name="test_broker_registration_status_updates" visibility="public" complexity="1" crap="1" count="1"/>
        <line num="13" type="stmt" count="1"/>
        <line num="14" type="stmt" count="1"/>
        <line num="15" type="stmt" count="1"/>
        <line num="16" type="stmt" count="1"/>
        <line num="17" type="stmt" count="1"/>
        <line num="18" type="stmt" count="1"/>
        <line num="19" type="stmt" count="1"/>
        <line num="20" type="stmt" count="1"/>
        <line num="21" type="stmt" count="1"/>
        <line num="23" type="stmt" count="1"/>
        <line num="25" type="stmt" count="1"/>
        <line num="26" type="stmt" count="1"/>
        <metrics loc="29" ncloc="29" classes="1" methods="1" coveredmethods="1" conditionals="0" coveredconditionals="0" statements="12" coveredstatements="12" elements="13" coveredelements="13"/>
      </file>
      <file name="/home/mirukibs/Development/TanTrade-B2B-Platform/Backend/app/MarketGovernanceContext/Broker/Tests/Unit/BrokerRepositoryTest.php">
        <class name="App\MarketGovernanceContext\Broker\Tests\Unit\BrokerRepositoryTest" namespace="App\MarketGovernanceContext\Broker\Tests\Unit">
          <metrics complexity="1" methods="1" coveredmethods="1" conditionals="0" coveredconditionals="0" statements="39" coveredstatements="39" elements="40" coveredelements="40"/>
        </class>
        <line num="19" type="method" name="test_broker_repository_crud" visibility="public" complexity="1" crap="1" count="1"/>
        <line num="21" type="stmt" count="1"/>
        <line num="22" type="stmt" count="1"/>
        <line num="23" type="stmt" count="1"/>
        <line num="24" type="stmt" count="1"/>
        <line num="25" type="stmt" count="1"/>
        <line num="27" type="stmt" count="1"/>
        <line num="28" type="stmt" count="1"/>
        <line num="29" type="stmt" count="1"/>
        <line num="30" type="stmt" count="1"/>
        <line num="31" type="stmt" count="1"/>
        <line num="32" type="stmt" count="1"/>
        <line num="33" type="stmt" count="1"/>
        <line num="34" type="stmt" count="1"/>
        <line num="35" type="stmt" count="1"/>
        <line num="36" type="stmt" count="1"/>
        <line num="37" type="stmt" count="1"/>
        <line num="38" type="stmt" count="1"/>
        <line num="40" type="stmt" count="1"/>
        <line num="41" type="stmt" count="1"/>
        <line num="42" type="stmt" count="1"/>
        <line num="43" type="stmt" count="1"/>
        <line num="44" type="stmt" count="1"/>
        <line num="45" type="stmt" count="1"/>
        <line num="46" type="stmt" count="1"/>
        <line num="47" type="stmt" count="1"/>
        <line num="48" type="stmt" count="1"/>
        <line num="50" type="stmt" count="1"/>
        <line num="51" type="stmt" count="1"/>
        <line num="53" type="stmt" count="1"/>
        <line num="54" type="stmt" count="1"/>
        <line num="55" type="stmt" count="1"/>
        <line num="56" type="stmt" count="1"/>
        <line num="57" type="stmt" count="1"/>
        <line num="59" type="stmt" count="1"/>
        <line num="60" type="stmt" count="1"/>
        <line num="62" type="stmt" count="1"/>
        <line num="63" type="stmt" count="1"/>
        <line num="65" type="stmt" count="1"/>
        <line num="66" type="stmt" count="1"/>
        <metrics loc="69" ncloc="69" classes="1" methods="1" coveredmethods="1" conditionals="0" coveredconditionals="0" statements="39" coveredstatements="39" elements="40" coveredelements="40"/>
      </file>
      <file name="/home/mirukibs/Development/TanTrade-B2B-Platform/Backend/app/MarketGovernanceContext/Broker/Tests/Unit/BrokerServiceTest.php">
        <class name="App\MarketGovernanceContext\Broker\Tests\Unit\BrokerServiceTest" namespace="App\MarketGovernanceContext\Broker\Tests\Unit">
          <metrics complexity="4" methods="4" coveredmethods="4" conditionals="0" coveredconditionals="0" statements="51" coveredstatements="51" elements="55" coveredelements="55"/>
        </class>
        <line num="18" type="method" name="test_register_rejects_active_office_term" visibility="public" complexity="1" crap="1" count="1"/>
        <line num="20" type="stmt" count="1"/>
        <line num="21" type="stmt" count="1"/>
        <line num="23" type="stmt" count="1"/>
        <line num="24" type="stmt" count="1"/>
        <line num="25" type="stmt" count="1"/>
        <line num="26" type="stmt" count="1"/>
        <line num="27" type="stmt" count="1"/>
        <line num="28" type="stmt" count="1"/>
        <line num="30" type="stmt" count="1"/>
        <line num="32" type="stmt" count="1"/>
        <line num="34" type="stmt" count="1"/>
        <line num="35" type="stmt" count="1"/>
        <line num="36" type="stmt" count="1"/>
        <line num="37" type="stmt" count="1"/>
        <line num="38" type="stmt" count="1"/>
        <line num="41" type="method" name="test_deactivate_updates_status" visibility="public" complexity="1" crap="1" count="1"/>
        <line num="43" type="stmt" count="1"/>
        <line num="44" type="stmt" count="1"/>
        <line num="46" type="stmt" count="1"/>
        <line num="48" type="stmt" count="1"/>
        <line num="49" type="stmt" count="1"/>
        <line num="50" type="stmt" count="1"/>
        <line num="51" type="stmt" count="1"/>
        <line num="52" type="stmt" count="1"/>
        <line num="54" type="stmt" count="1"/>
        <line num="56" type="stmt" count="1"/>
        <line num="59" type="method" name="createPerson" visibility="private" complexity="1" crap="1" count="2"/>
        <line num="61" type="stmt" count="2"/>
        <line num="62" type="stmt" count="2"/>
        <line num="63" type="stmt" count="2"/>
        <line num="64" type="stmt" count="2"/>
        <line num="65" type="stmt" count="2"/>
        <line num="67" type="stmt" count="2"/>
        <line num="68" type="stmt" count="2"/>
        <line num="69" type="stmt" count="2"/>
        <line num="70" type="stmt" count="2"/>
        <line num="71" type="stmt" count="2"/>
        <line num="72" type="stmt" count="2"/>
        <line num="73" type="stmt" count="2"/>
        <line num="74" type="stmt" count="2"/>
        <line num="75" type="stmt" count="2"/>
        <line num="76" type="stmt" count="2"/>
        <line num="77" type="stmt" count="2"/>
        <line num="78" type="stmt" count="2"/>
        <line num="81" type="method" name="createMarket" visibility="private" complexity="1" crap="1" count="2"/>
        <line num="83" type="stmt" count="2"/>
        <line num="84" type="stmt" count="2"/>
        <line num="85" type="stmt" count="2"/>
        <line num="86" type="stmt" count="2"/>
        <line num="87" type="stmt" count="2"/>
        <line num="88" type="stmt" count="2"/>
        <line num="89" type="stmt" count="2"/>
        <line num="90" type="stmt" count="2"/>
        <line num="91" type="stmt" count="2"/>
        <metrics loc="94" ncloc="94" classes="1" methods="4" coveredmethods="4" conditionals="0" coveredconditionals="0" statements="51" coveredstatements="51" elements="55" coveredelements="55"/>
      </file>
    </package>
    <package name="App\MarketGovernanceContext\Governance\Application">
      <file name="/home/mirukibs/Development/TanTrade-B2B-Platform/Backend/app/MarketGovernanceContext/Governance/Application/GovernanceService.php">
        <class name="App\MarketGovernanceContext\Governance\Application\GovernanceService" namespace="App\MarketGovernanceContext\Governance\Application">
          <metrics complexity="14" methods="5" coveredmethods="3" conditionals="0" coveredconditionals="0" statements="48" coveredstatements="46" elements="53" coveredelements="49"/>
        </class>
        <line num="16" type="method" name="__construct" visibility="public" complexity="1" crap="1" count="10"/>
        <line num="20" type="stmt" count="10"/>
        <line num="22" type="method" name="createOffice" visibility="public" complexity="2" crap="2" count="9"/>
        <line num="24" type="stmt" count="9"/>
        <line num="25" type="stmt" count="9"/>
        <line num="27" type="stmt" count="9"/>
        <line num="28" type="stmt" count="9"/>
        <line num="29" type="stmt" count="1"/>
        <line num="32" type="stmt" count="9"/>
        <line num="33" type="stmt" count="9"/>
        <line num="34" type="stmt" count="9"/>
        <line num="35" type="stmt" count="9"/>
        <line num="37" type="stmt" count="9"/>
        <line num="40" type="method" name="assignChairperson" visibility="public" complexity="6" crap="6" count="8"/>
        <line num="42" type="stmt" count="8"/>
        <line num="43" type="stmt" count="8"/>
        <line num="45" type="stmt" count="8"/>
        <line num="46" type="stmt" count="1"/>
        <line num="49" type="stmt" count="7"/>
        <line num="50" type="stmt" count="1"/>
        <line num="53" type="stmt" count="7"/>
        <line num="54" type="stmt" count="7"/>
        <line num="55" type="stmt" count="7"/>
        <line num="56" type="stmt" count="1"/>
        <line num="57" type="stmt" count="6"/>
        <line num="59" type="stmt" count="7"/>
        <line num="60" type="stmt" count="0"/>
        <line num="63" type="stmt" count="7"/>
        <line num="64" type="stmt" count="1"/>
        <line num="67" type="stmt" count="6"/>
        <line num="68" type="stmt" count="6"/>
        <line num="69" type="stmt" count="6"/>
        <line num="70" type="stmt" count="6"/>
        <line num="71" type="stmt" count="6"/>
        <line num="72" type="stmt" count="6"/>
        <line num="73" type="stmt" count="6"/>
        <line num="75" type="stmt" count="6"/>
        <line num="78" type="method" name="endTerm" visibility="public" complexity="3" crap="3.01" count="4"/>
        <line num="80" type="stmt" count="4"/>
        <line num="81" type="stmt" count="3"/>
        <line num="82" type="stmt" count="3"/>
        <line num="83" type="stmt" count="3"/>
        <line num="84" type="stmt" count="3"/>
        <line num="85" type="stmt" count="0"/>
        <line num="87" type="stmt" count="3"/>
        <line num="88" type="stmt" count="1"/>
        <line num="91" type="stmt" count="2"/>
        <line num="93" type="stmt" count="2"/>
        <line num="96" type="method" name="requireOfficeTerm" visibility="private" complexity="2" crap="2" count="4"/>
        <line num="98" type="stmt" count="4"/>
        <line num="99" type="stmt" count="4"/>
        <line num="100" type="stmt" count="1"/>
        <line num="103" type="stmt" count="3"/>
        <metrics loc="106" ncloc="106" classes="1" methods="5" coveredmethods="3" conditionals="0" coveredconditionals="0" statements="48" coveredstatements="46" elements="53" coveredelements="49"/>
      </file>
    </package>
    <package name="App\MarketGovernanceContext\Governance\Domain\Entities">
      <file name="/home/mirukibs/Development/TanTrade-B2B-Platform/Backend/app/MarketGovernanceContext/Governance/Domain/Entities/MarketOffice.php">
        <class name="App\MarketGovernanceContext\Governance\Domain\Entities\MarketOffice" namespace="App\MarketGovernanceContext\Governance\Domain\Entities">
          <metrics complexity="3" methods="3" coveredmethods="3" conditionals="0" coveredconditionals="0" statements="9" coveredstatements="9" elements="12" coveredelements="12"/>
        </class>
        <line num="9" type="method" name="__construct" visibility="public" complexity="1" crap="1" count="11"/>
        <line num="15" type="stmt" count="11"/>
        <line num="17" type="method" name="id" visibility="public" complexity="1" crap="1" count="2"/>
        <line num="19" type="stmt" count="2"/>
        <line num="22" type="method" name="toArray" visibility="public" complexity="1" crap="1" count="11"/>
        <line num="24" type="stmt" count="11"/>
        <line num="25" type="stmt" count="11"/>
        <line num="26" type="stmt" count="11"/>
        <line num="27" type="stmt" count="11"/>
        <line num="28" type="stmt" count="11"/>
        <line num="29" type="stmt" count="11"/>
        <line num="30" type="stmt" count="11"/>
        <metrics loc="33" ncloc="33" classes="1" methods="3" coveredmethods="3" conditionals="0" coveredconditionals="0" statements="9" coveredstatements="9" elements="12" coveredelements="12"/>
      </file>
      <file name="/home/mirukibs/Development/TanTrade-B2B-Platform/Backend/app/MarketGovernanceContext/Governance/Domain/Entities/OfficeTerm.php">
        <class name="App\MarketGovernanceContext\Governance\Domain\Entities\OfficeTerm" namespace="App\MarketGovernanceContext\Governance\Domain\Entities">
          <metrics complexity="5" methods="5" coveredmethods="5" conditionals="0" coveredconditionals="0" statements="32" coveredstatements="32" elements="37" coveredelements="37"/>
        </class>
        <line num="9" type="method" name="__construct" visibility="public" complexity="1" crap="1" count="8"/>
        <line num="18" type="stmt" count="8"/>
        <line num="20" type="method" name="id" visibility="public" complexity="1" crap="1" count="1"/>
        <line num="22" type="stmt" count="1"/>
        <line num="25" type="method" name="withStatus" visibility="public" complexity="1" crap="1" count="4"/>
        <line num="27" type="stmt" count="4"/>
        <line num="28" type="stmt" count="4"/>
        <line num="29" type="stmt" count="4"/>
        <line num="30" type="stmt" count="4"/>
        <line num="31" type="stmt" count="4"/>
        <line num="32" type="stmt" count="4"/>
        <line num="33" type="stmt" count="4"/>
        <line num="34" type="stmt" count="4"/>
        <line num="35" type="stmt" count="4"/>
        <line num="36" type="stmt" count="4"/>
        <line num="39" type="method" name="withEndDate" visibility="public" complexity="1" crap="1" count="3"/>
        <line num="41" type="stmt" count="3"/>
        <line num="42" type="stmt" count="3"/>
        <line num="43" type="stmt" count="3"/>
        <line num="44" type="stmt" count="3"/>
        <line num="45" type="stmt" count="3"/>
        <line num="46" type="stmt" count="3"/>
        <line num="47" type="stmt" count="3"/>
        <line num="48" type="stmt" count="3"/>
        <line num="49" type="stmt" count="3"/>
        <line num="50" type="stmt" count="3"/>
        <line num="53" type="method" name="toArray" visibility="public" complexity="1" crap="1" count="8"/>
        <line num="55" type="stmt" count="8"/>
        <line num="56" type="stmt" count="8"/>
        <line num="57" type="stmt" count="8"/>
        <line num="58" type="stmt" count="8"/>
        <line num="59" type="stmt" count="8"/>
        <line num="60" type="stmt" count="8"/>
        <line num="61" type="stmt" count="8"/>
        <line num="62" type="stmt" count="8"/>
        <line num="63" type="stmt" count="8"/>
        <line num="64" type="stmt" count="8"/>
        <metrics loc="67" ncloc="67" classes="1" methods="5" coveredmethods="5" conditionals="0" coveredconditionals="0" statements="32" coveredstatements="32" elements="37" coveredelements="37"/>
      </file>
    </package>
    <package name="App\MarketGovernanceContext\Governance\Domain\Factories">
      <file name="/home/mirukibs/Development/TanTrade-B2B-Platform/Backend/app/MarketGovernanceContext/Governance/Domain/Factories/GovernanceFactory.php">
        <class name="App\MarketGovernanceContext\Governance\Domain\Factories\GovernanceFactory" namespace="App\MarketGovernanceContext\Governance\Domain\Factories">
          <metrics complexity="8" methods="4" coveredmethods="4" conditionals="0" coveredconditionals="0" statements="34" coveredstatements="34" elements="38" coveredelements="38"/>
        </class>
        <line num="12" type="method" name="createOffice" visibility="public" complexity="1" crap="1" count="10"/>
        <line num="14" type="stmt" count="10"/>
        <line num="15" type="stmt" count="10"/>
        <line num="16" type="stmt" count="10"/>
        <line num="17" type="stmt" count="10"/>
        <line num="18" type="stmt" count="10"/>
        <line num="19" type="stmt" count="10"/>
        <line num="20" type="stmt" count="10"/>
        <line num="23" type="method" name="createOfficeTerm" visibility="public" complexity="1" crap="1" count="7"/>
        <line num="25" type="stmt" count="7"/>
        <line num="26" type="stmt" count="7"/>
        <line num="27" type="stmt" count="7"/>
        <line num="28" type="stmt" count="7"/>
        <line num="29" type="stmt" count="7"/>
        <line num="30" type="stmt" count="7"/>
        <line num="31" type="stmt" count="7"/>
        <line num="32" type="stmt" count="7"/>
        <line num="33" type="stmt" count="7"/>
        <line num="34" type="stmt" count="7"/>
        <line num="37" type="method" name="officeFromState" visibility="public" complexity="3" crap="3" count="10"/>
        <line num="39" type="stmt" count="10"/>
        <line num="40" type="stmt" count="10"/>
        <line num="41" type="stmt" count="10"/>
        <line num="42" type="stmt" count="10"/>
        <line num="43" type="stmt" count="10"/>
        <line num="44" type="stmt" count="10"/>
        <line num="45" type="stmt" count="10"/>
        <line num="48" type="method" name="termFromState" visibility="public" complexity="3" crap="3" count="7"/>
        <line num="50" type="stmt" count="7"/>
        <line num="51" type="stmt" count="7"/>
        <line num="52" type="stmt" count="7"/>
        <line num="53" type="stmt" count="7"/>
        <line num="54" type="stmt" count="7"/>
        <line num="55" type="stmt" count="7"/>
        <line num="56" type="stmt" count="7"/>
        <line num="57" type="stmt" count="7"/>
        <line num="58" type="stmt" count="7"/>
        <line num="59" type="stmt" count="7"/>
        <metrics loc="62" ncloc="62" classes="1" methods="4" coveredmethods="4" conditionals="0" coveredconditionals="0" statements="34" coveredstatements="34" elements="38" coveredelements="38"/>
      </file>
    </package>
    <file name="/home/mirukibs/Development/TanTrade-B2B-Platform/Backend/app/MarketGovernanceContext/Governance/Domain/Repositories/GovernanceRepository.php">
      <metrics loc="29" ncloc="29" classes="0" methods="0" coveredmethods="0" conditionals="0" coveredconditionals="0" statements="0" coveredstatements="0" elements="0" coveredelements="0"/>
    </file>
    <package name="App\MarketGovernanceContext\Governance\Infrastructure">
      <file name="/home/mirukibs/Development/TanTrade-B2B-Platform/Backend/app/MarketGovernanceContext/Governance/Infrastructure/GovernanceServiceProvider.php">
        <class name="App\MarketGovernanceContext\Governance\Infrastructure\GovernanceServiceProvider" namespace="App\MarketGovernanceContext\Governance\Infrastructure">
          <metrics complexity="2" methods="2" coveredmethods="2" conditionals="0" coveredconditionals="0" statements="5" coveredstatements="5" elements="7" coveredelements="7"/>
        </class>
        <line num="12" type="method" name="register" visibility="public" complexity="1" crap="1" count="67"/>
        <line num="14" type="stmt" count="67"/>
        <line num="17" type="method" name="boot" visibility="public" complexity="1" crap="1" count="67"/>
        <line num="19" type="stmt" count="67"/>
        <line num="21" type="stmt" count="67"/>
        <line num="22" type="stmt" count="67"/>
        <line num="23" type="stmt" count="67"/>
        <metrics loc="26" ncloc="26" classes="1" methods="2" coveredmethods="2" conditionals="0" coveredconditionals="0" statements="5" coveredstatements="5" elements="7" coveredelements="7"/>
      </file>
    </package>
    <package name="App\MarketGovernanceContext\Governance\Infrastructure\Models">
      <file name="/home/mirukibs/Development/TanTrade-B2B-Platform/Backend/app/MarketGovernanceContext/Governance/Infrastructure/Models/MarketOffice.php">
        <class name="App\MarketGovernanceContext\Governance\Infrastructure\Models\MarketOffice" namespace="App\MarketGovernanceContext\Governance\Infrastructure\Models">
          <metrics complexity="1" methods="1" coveredmethods="0" conditionals="0" coveredconditionals="0" statements="1" coveredstatements="0" elements="2" coveredelements="0"/>
        </class>
        <line num="21" type="method" name="terms" visibility="public" complexity="1" crap="2" count="0"/>
        <line num="23" type="stmt" count="0"/>
        <metrics loc="26" ncloc="26" classes="1" methods="1" coveredmethods="0" conditionals="0" coveredconditionals="0" statements="1" coveredstatements="0" elements="2" coveredelements="0"/>
      </file>
      <file name="/home/mirukibs/Development/TanTrade-B2B-Platform/Backend/app/MarketGovernanceContext/Governance/Infrastructure/Models/OfficeTerm.php">
        <class name="App\MarketGovernanceContext\Governance\Infrastructure\Models\OfficeTerm" namespace="App\MarketGovernanceContext\Governance\Infrastructure\Models">
          <metrics complexity="1" methods="1" coveredmethods="0" conditionals="0" coveredconditionals="0" statements="1" coveredstatements="0" elements="2" coveredelements="0"/>
        </class>
        <line num="24" type="method" name="office" visibility="public" complexity="1" crap="2" count="0"/>
        <line num="26" type="stmt" count="0"/>
        <metrics loc="29" ncloc="29" classes="1" methods="1" coveredmethods="0" conditionals="0" coveredconditionals="0" statements="1" coveredstatements="0" elements="2" coveredelements="0"/>
      </file>
    </package>
    <file name="/home/mirukibs/Development/TanTrade-B2B-Platform/Backend/app/MarketGovernanceContext/Governance/Infrastructure/Persistence/Migrations/2026_05_08_000003_create_market_governance_governance_tables.php">
      <line num="7" type="stmt" count="1"/>
      <line num="8" type="stmt" count="1"/>
      <line num="11" type="stmt" count="1"/>
      <line num="12" type="stmt" count="1"/>
      <line num="13" type="stmt" count="1"/>
      <line num="14" type="stmt" count="1"/>
      <line num="15" type="stmt" count="1"/>
      <line num="16" type="stmt" count="1"/>
      <line num="18" type="stmt" count="1"/>
      <line num="19" type="stmt" count="1"/>
      <line num="20" type="stmt" count="1"/>
      <line num="22" type="stmt" count="1"/>
      <line num="23" type="stmt" count="1"/>
      <line num="24" type="stmt" count="1"/>
      <line num="25" type="stmt" count="1"/>
      <line num="26" type="stmt" count="1"/>
      <line num="27" type="stmt" count="1"/>
      <line num="28" type="stmt" count="1"/>
      <line num="29" type="stmt" count="1"/>
      <line num="30" type="stmt" count="1"/>
      <line num="32" type="stmt" count="1"/>
      <line num="33" type="stmt" count="1"/>
      <line num="34" type="stmt" count="1"/>
      <line num="35" type="stmt" count="1"/>
      <line num="36" type="stmt" count="1"/>
      <line num="41" type="stmt" count="0"/>
      <line num="42" type="stmt" count="0"/>
      <line num="44" type="stmt" count="1"/>
      <metrics loc="45" ncloc="45" classes="0" methods="0" coveredmethods="0" conditionals="0" coveredconditionals="0" statements="28" coveredstatements="26" elements="28" coveredelements="26"/>
    </file>
    <package name="App\MarketGovernanceContext\Governance\Infrastructure\Repositories">
      <file name="/home/mirukibs/Development/TanTrade-B2B-Platform/Backend/app/MarketGovernanceContext/Governance/Infrastructure/Repositories/EloquentGovernanceRepository.php">
        <class name="App\MarketGovernanceContext\Governance\Infrastructure\Repositories\EloquentGovernanceRepository" namespace="App\MarketGovernanceContext\Governance\Infrastructure\Repositories">
          <metrics complexity="14" methods="10" coveredmethods="8" conditionals="0" coveredconditionals="0" statements="58" coveredstatements="56" elements="68" coveredelements="64"/>
        </class>
        <line num="16" type="method" name="__construct" visibility="public" complexity="1" crap="1" count="13"/>
        <line num="18" type="method" name="createOffice" visibility="public" complexity="1" crap="1" count="10"/>
        <line num="20" type="stmt" count="10"/>
        <line num="22" type="stmt" count="10"/>
        <line num="23" type="stmt" count="10"/>
        <line num="24" type="stmt" count="10"/>
        <line num="25" type="stmt" count="10"/>
        <line num="26" type="stmt" count="10"/>
        <line num="28" type="stmt" count="10"/>
        <line num="31" type="method" name="findOfficeById" visibility="public" complexity="2" crap="2.06" count="10"/>
        <line num="33" type="stmt" count="10"/>
        <line num="34" type="stmt" count="10"/>
        <line num="35" type="stmt" count="0"/>
        <line num="38" type="stmt" count="10"/>
        <line num="41" type="method" name="findOfficeByMarketAndType" visibility="public" complexity="2" crap="2" count="10"/>
        <line num="43" type="stmt" count="10"/>
        <line num="44" type="stmt" count="10"/>
        <line num="45" type="stmt" count="10"/>
        <line num="46" type="stmt" count="10"/>
        <line num="48" type="stmt" count="10"/>
        <line num="49" type="stmt" count="9"/>
        <line num="52" type="stmt" count="2"/>
        <line num="55" type="method" name="createOfficeTerm" visibility="public" complexity="1" crap="1" count="7"/>
        <line num="57" type="stmt" count="7"/>
        <line num="59" type="stmt" count="7"/>
        <line num="60" type="stmt" count="7"/>
        <line num="61" type="stmt" count="7"/>
        <line num="62" type="stmt" count="7"/>
        <line num="63" type="stmt" count="7"/>
        <line num="64" type="stmt" count="7"/>
        <line num="65" type="stmt" count="7"/>
        <line num="66" type="stmt" count="7"/>
        <line num="68" type="stmt" count="7"/>
        <line num="71" type="method" name="updateOfficeTerm" visibility="public" complexity="1" crap="1" count="3"/>
        <line num="73" type="stmt" count="3"/>
        <line num="75" type="stmt" count="3"/>
        <line num="76" type="stmt" count="3"/>
        <line num="77" type="stmt" count="3"/>
        <line num="78" type="stmt" count="3"/>
        <line num="79" type="stmt" count="3"/>
        <line num="80" type="stmt" count="3"/>
        <line num="81" type="stmt" count="3"/>
        <line num="82" type="stmt" count="3"/>
        <line num="84" type="stmt" count="3"/>
        <line num="87" type="method" name="findOfficeTermById" visibility="public" complexity="2" crap="2" count="8"/>
        <line num="89" type="stmt" count="8"/>
        <line num="90" type="stmt" count="8"/>
        <line num="91" type="stmt" count="1"/>
        <line num="94" type="stmt" count="7"/>
        <line num="97" type="method" name="hasActiveOfficeTermForPerson" visibility="public" complexity="1" crap="1" count="4"/>
        <line num="99" type="stmt" count="4"/>
        <line num="100" type="stmt" count="4"/>
        <line num="101" type="stmt" count="4"/>
        <line num="102" type="stmt" count="4"/>
        <line num="105" type="method" name="hasActiveOfficeTermForOffice" visibility="public" complexity="1" crap="1" count="8"/>
        <line num="107" type="stmt" count="8"/>
        <line num="108" type="stmt" count="8"/>
        <line num="109" type="stmt" count="8"/>
        <line num="110" type="stmt" count="8"/>
        <line num="113" type="method" name="findActiveOfficeTermForOffice" visibility="public" complexity="2" crap="2.01" count="1"/>
        <line num="115" type="stmt" count="1"/>
        <line num="116" type="stmt" count="1"/>
        <line num="117" type="stmt" count="1"/>
        <line num="118" type="stmt" count="1"/>
        <line num="120" type="stmt" count="1"/>
        <line num="121" type="stmt" count="0"/>
        <line num="124" type="stmt" count="1"/>
        <metrics loc="127" ncloc="127" classes="1" methods="10" coveredmethods="8" conditionals="0" coveredconditionals="0" statements="58" coveredstatements="56" elements="68" coveredelements="64"/>
      </file>
    </package>
    <package name="App\MarketGovernanceContext\Governance\Presentation\Http">
      <file name="/home/mirukibs/Development/TanTrade-B2B-Platform/Backend/app/MarketGovernanceContext/Governance/Presentation/Http/GovernanceController.php">
        <class name="App\MarketGovernanceContext\Governance\Presentation\Http\GovernanceController" namespace="App\MarketGovernanceContext\Governance\Presentation\Http">
          <metrics complexity="3" methods="3" coveredmethods="3" conditionals="0" coveredconditionals="0" statements="17" coveredstatements="17" elements="20" coveredelements="20"/>
        </class>
        <line num="13" type="method" name="createOffice" visibility="public" complexity="1" crap="1" count="1"/>
        <line num="15" type="stmt" count="1"/>
        <line num="16" type="stmt" count="1"/>
        <line num="17" type="stmt" count="1"/>
        <line num="19" type="stmt" count="1"/>
        <line num="21" type="stmt" count="1"/>
        <line num="24" type="method" name="assignChairperson" visibility="public" complexity="1" crap="1" count="1"/>
        <line num="26" type="stmt" count="1"/>
        <line num="27" type="stmt" count="1"/>
        <line num="28" type="stmt" count="1"/>
        <line num="29" type="stmt" count="1"/>
        <line num="30" type="stmt" count="1"/>
        <line num="32" type="stmt" count="1"/>
        <line num="34" type="stmt" count="1"/>
        <line num="37" type="method" name="endTerm" visibility="public" complexity="1" crap="1" count="1"/>
        <line num="39" type="stmt" count="1"/>
        <line num="40" type="stmt" count="1"/>
        <line num="41" type="stmt" count="1"/>
        <line num="43" type="stmt" count="1"/>
        <line num="45" type="stmt" count="1"/>
        <metrics loc="48" ncloc="48" classes="1" methods="3" coveredmethods="3" conditionals="0" coveredconditionals="0" statements="17" coveredstatements="17" elements="20" coveredelements="20"/>
      </file>
    </package>
    <file name="/home/mirukibs/Development/TanTrade-B2B-Platform/Backend/app/MarketGovernanceContext/Governance/Presentation/api.php">
      <line num="6" type="stmt" count="67"/>
      <line num="7" type="stmt" count="67"/>
      <line num="8" type="stmt" count="67"/>
      <line num="9" type="stmt" count="67"/>
      <line num="10" type="stmt" count="67"/>
      <metrics loc="11" ncloc="11" classes="0" methods="0" coveredmethods="0" conditionals="0" coveredconditionals="0" statements="5" coveredstatements="5" elements="5" coveredelements="5"/>
    </file>
    <package name="App\MarketGovernanceContext\Governance\Tests\Feature">
      <file name="/home/mirukibs/Development/TanTrade-B2B-Platform/Backend/app/MarketGovernanceContext/Governance/Tests/Feature/GovernanceApiTest.php">
        <class name="App\MarketGovernanceContext\Governance\Tests\Feature\GovernanceApiTest" namespace="App\MarketGovernanceContext\Governance\Tests\Feature">
          <metrics complexity="4" methods="4" coveredmethods="4" conditionals="0" coveredconditionals="0" statements="53" coveredstatements="53" elements="57" coveredelements="57"/>
        </class>
        <line num="17" type="method" name="test_governance_endpoints" visibility="public" complexity="1" crap="1" count="1"/>
        <line num="19" type="stmt" count="1"/>
        <line num="20" type="stmt" count="1"/>
        <line num="21" type="stmt" count="1"/>
        <line num="23" type="stmt" count="1"/>
        <line num="24" type="stmt" count="1"/>
        <line num="26" type="stmt" count="1"/>
        <line num="27" type="stmt" count="1"/>
        <line num="29" type="stmt" count="1"/>
        <line num="30" type="stmt" count="1"/>
        <line num="32" type="stmt" count="1"/>
        <line num="33" type="stmt" count="1"/>
        <line num="34" type="stmt" count="1"/>
        <line num="35" type="stmt" count="1"/>
        <line num="36" type="stmt" count="1"/>
        <line num="37" type="stmt" count="1"/>
        <line num="38" type="stmt" count="1"/>
        <line num="39" type="stmt" count="1"/>
        <line num="40" type="stmt" count="1"/>
        <line num="42" type="stmt" count="1"/>
        <line num="43" type="stmt" count="1"/>
        <line num="45" type="stmt" count="1"/>
        <line num="46" type="stmt" count="1"/>
        <line num="47" type="stmt" count="1"/>
        <line num="48" type="stmt" count="1"/>
        <line num="49" type="stmt" count="1"/>
        <line num="50" type="stmt" count="1"/>
        <line num="51" type="stmt" count="1"/>
        <line num="54" type="method" name="createUser" visibility="private" complexity="1" crap="1" count="1"/>
        <line num="56" type="stmt" count="1"/>
        <line num="57" type="stmt" count="1"/>
        <line num="58" type="stmt" count="1"/>
        <line num="59" type="stmt" count="1"/>
        <line num="60" type="stmt" count="1"/>
        <line num="63" type="method" name="createPerson" visibility="private" complexity="1" crap="1" count="1"/>
        <line num="65" type="stmt" count="1"/>
        <line num="66" type="stmt" count="1"/>
        <line num="67" type="stmt" count="1"/>
        <line num="68" type="stmt" count="1"/>
        <line num="69" type="stmt" count="1"/>
        <line num="70" type="stmt" count="1"/>
        <line num="71" type="stmt" count="1"/>
        <line num="72" type="stmt" count="1"/>
        <line num="73" type="stmt" count="1"/>
        <line num="74" type="stmt" count="1"/>
        <line num="75" type="stmt" count="1"/>
        <line num="76" type="stmt" count="1"/>
        <line num="79" type="method" name="createMarket" visibility="private" complexity="1" crap="1" count="1"/>
        <line num="81" type="stmt" count="1"/>
        <line num="82" type="stmt" count="1"/>
        <line num="83" type="stmt" count="1"/>
        <line num="84" type="stmt" count="1"/>
        <line num="85" type="stmt" count="1"/>
        <line num="86" type="stmt" count="1"/>
        <line num="87" type="stmt" count="1"/>
        <line num="88" type="stmt" count="1"/>
        <line num="89" type="stmt" count="1"/>
        <metrics loc="92" ncloc="92" classes="1" methods="4" coveredmethods="4" conditionals="0" coveredconditionals="0" statements="53" coveredstatements="53" elements="57" coveredelements="57"/>
      </file>
    </package>
    <package name="App\MarketGovernanceContext\Governance\Tests\Unit">
      <file name="/home/mirukibs/Development/TanTrade-B2B-Platform/Backend/app/MarketGovernanceContext/Governance/Tests/Unit/GovernanceEntitiesTest.php">
        <class name="App\MarketGovernanceContext\Governance\Tests\Unit\GovernanceEntitiesTest" namespace="App\MarketGovernanceContext\Governance\Tests\Unit">
          <metrics complexity="1" methods="1" coveredmethods="1" conditionals="0" coveredconditionals="0" statements="27" coveredstatements="27" elements="28" coveredelements="28"/>
        </class>
        <line num="12" type="method" name="test_market_office_and_term_serialization" visibility="public" complexity="1" crap="1" count="1"/>
        <line num="14" type="stmt" count="1"/>
        <line num="15" type="stmt" count="1"/>
        <line num="16" type="stmt" count="1"/>
        <line num="18" type="stmt" count="1"/>
        <line num="19" type="stmt" count="1"/>
        <line num="20" type="stmt" count="1"/>
        <line num="21" type="stmt" count="1"/>
        <line num="22" type="stmt" count="1"/>
        <line num="23" type="stmt" count="1"/>
        <line num="24" type="stmt" count="1"/>
        <line num="26" type="stmt" count="1"/>
        <line num="27" type="stmt" count="1"/>
        <line num="29" type="stmt" count="1"/>
        <line num="30" type="stmt" count="1"/>
        <line num="31" type="stmt" count="1"/>
        <line num="32" type="stmt" count="1"/>
        <line num="33" type="stmt" count="1"/>
        <line num="34" type="stmt" count="1"/>
        <line num="35" type="stmt" count="1"/>
        <line num="36" type="stmt" count="1"/>
        <line num="37" type="stmt" count="1"/>
        <line num="38" type="stmt" count="1"/>
        <line num="40" type="stmt" count="1"/>
        <line num="42" type="stmt" count="1"/>
        <line num="43" type="stmt" count="1"/>
        <line num="44" type="stmt" count="1"/>
        <line num="45" type="stmt" count="1"/>
        <metrics loc="48" ncloc="48" classes="1" methods="1" coveredmethods="1" conditionals="0" coveredconditionals="0" statements="27" coveredstatements="27" elements="28" coveredelements="28"/>
      </file>
      <file name="/home/mirukibs/Development/TanTrade-B2B-Platform/Backend/app/MarketGovernanceContext/Governance/Tests/Unit/GovernanceRepositoryTest.php">
        <class name="App\MarketGovernanceContext\Governance\Tests\Unit\GovernanceRepositoryTest" namespace="App\MarketGovernanceContext\Governance\Tests\Unit">
          <metrics complexity="1" methods="1" coveredmethods="1" conditionals="0" coveredconditionals="0" statements="52" coveredstatements="52" elements="53" coveredelements="53"/>
        </class>
        <line num="19" type="method" name="test_governance_repository_methods" visibility="public" complexity="1" crap="1" count="1"/>
        <line num="21" type="stmt" count="1"/>
        <line num="22" type="stmt" count="1"/>
        <line num="23" type="stmt" count="1"/>
        <line num="24" type="stmt" count="1"/>
        <line num="25" type="stmt" count="1"/>
        <line num="27" type="stmt" count="1"/>
        <line num="28" type="stmt" count="1"/>
        <line num="29" type="stmt" count="1"/>
        <line num="30" type="stmt" count="1"/>
        <line num="31" type="stmt" count="1"/>
        <line num="32" type="stmt" count="1"/>
        <line num="33" type="stmt" count="1"/>
        <line num="34" type="stmt" count="1"/>
        <line num="35" type="stmt" count="1"/>
        <line num="36" type="stmt" count="1"/>
        <line num="37" type="stmt" count="1"/>
        <line num="38" type="stmt" count="1"/>
        <line num="40" type="stmt" count="1"/>
        <line num="41" type="stmt" count="1"/>
        <line num="42" type="stmt" count="1"/>
        <line num="43" type="stmt" count="1"/>
        <line num="44" type="stmt" count="1"/>
        <line num="45" type="stmt" count="1"/>
        <line num="46" type="stmt" count="1"/>
        <line num="47" type="stmt" count="1"/>
        <line num="48" type="stmt" count="1"/>
        <line num="50" type="stmt" count="1"/>
        <line num="51" type="stmt" count="1"/>
        <line num="53" type="stmt" count="1"/>
        <line num="54" type="stmt" count="1"/>
        <line num="55" type="stmt" count="1"/>
        <line num="56" type="stmt" count="1"/>
        <line num="58" type="stmt" count="1"/>
        <line num="59" type="stmt" count="1"/>
        <line num="61" type="stmt" count="1"/>
        <line num="62" type="stmt" count="1"/>
        <line num="64" type="stmt" count="1"/>
        <line num="65" type="stmt" count="1"/>
        <line num="66" type="stmt" count="1"/>
        <line num="67" type="stmt" count="1"/>
        <line num="68" type="stmt" count="1"/>
        <line num="69" type="stmt" count="1"/>
        <line num="70" type="stmt" count="1"/>
        <line num="72" type="stmt" count="1"/>
        <line num="73" type="stmt" count="1"/>
        <line num="75" type="stmt" count="1"/>
        <line num="76" type="stmt" count="1"/>
        <line num="78" type="stmt" count="1"/>
        <line num="79" type="stmt" count="1"/>
        <line num="81" type="stmt" count="1"/>
        <line num="82" type="stmt" count="1"/>
        <line num="84" type="stmt" count="1"/>
        <metrics loc="87" ncloc="87" classes="1" methods="1" coveredmethods="1" conditionals="0" coveredconditionals="0" statements="52" coveredstatements="52" elements="53" coveredelements="53"/>
      </file>
      <file name="/home/mirukibs/Development/TanTrade-B2B-Platform/Backend/app/MarketGovernanceContext/Governance/Tests/Unit/GovernanceServiceTest.php">
        <class name="App\MarketGovernanceContext\Governance\Tests\Unit\GovernanceServiceTest" namespace="App\MarketGovernanceContext\Governance\Tests\Unit">
          <metrics complexity="10" methods="10" coveredmethods="10" conditionals="0" coveredconditionals="0" statements="111" coveredstatements="111" elements="121" coveredelements="121"/>
        </class>
        <line num="18" type="method" name="test_assign_chairperson_rejects_active_broker" visibility="public" complexity="1" crap="1" count="1"/>
        <line num="20" type="stmt" count="1"/>
        <line num="21" type="stmt" count="1"/>
        <line num="22" type="stmt" count="1"/>
        <line num="23" type="stmt" count="1"/>
        <line num="25" type="stmt" count="1"/>
        <line num="26" type="stmt" count="1"/>
        <line num="27" type="stmt" count="1"/>
        <line num="28" type="stmt" count="1"/>
        <line num="29" type="stmt" count="1"/>
        <line num="30" type="stmt" count="1"/>
        <line num="31" type="stmt" count="1"/>
        <line num="33" type="stmt" count="1"/>
        <line num="35" type="stmt" count="1"/>
        <line num="36" type="stmt" count="1"/>
        <line num="37" type="stmt" count="1"/>
        <line num="38" type="stmt" count="1"/>
        <line num="41" type="method" name="test_assign_chairperson_rejects_existing_active_term" visibility="public" complexity="1" crap="1" count="1"/>
        <line num="43" type="stmt" count="1"/>
        <line num="44" type="stmt" count="1"/>
        <line num="45" type="stmt" count="1"/>
        <line num="46" type="stmt" count="1"/>
        <line num="48" type="stmt" count="1"/>
        <line num="49" type="stmt" count="1"/>
        <line num="50" type="stmt" count="1"/>
        <line num="51" type="stmt" count="1"/>
        <line num="53" type="stmt" count="1"/>
        <line num="55" type="stmt" count="1"/>
        <line num="56" type="stmt" count="1"/>
        <line num="57" type="stmt" count="1"/>
        <line num="58" type="stmt" count="1"/>
        <line num="61" type="method" name="test_assign_chairperson_rejects_term_longer_than_five_years" visibility="public" complexity="1" crap="1" count="1"/>
        <line num="63" type="stmt" count="1"/>
        <line num="64" type="stmt" count="1"/>
        <line num="65" type="stmt" count="1"/>
        <line num="66" type="stmt" count="1"/>
        <line num="68" type="stmt" count="1"/>
        <line num="70" type="stmt" count="1"/>
        <line num="71" type="stmt" count="1"/>
        <line num="72" type="stmt" count="1"/>
        <line num="73" type="stmt" count="1"/>
        <line num="74" type="stmt" count="1"/>
        <line num="77" type="method" name="test_create_office_returns_existing" visibility="public" complexity="1" crap="1" count="1"/>
        <line num="79" type="stmt" count="1"/>
        <line num="80" type="stmt" count="1"/>
        <line num="82" type="stmt" count="1"/>
        <line num="83" type="stmt" count="1"/>
        <line num="85" type="stmt" count="1"/>
        <line num="86" type="stmt" count="1"/>
        <line num="89" type="method" name="test_assign_chairperson_defaults_end_date" visibility="public" complexity="1" crap="1" count="1"/>
        <line num="91" type="stmt" count="1"/>
        <line num="92" type="stmt" count="1"/>
        <line num="93" type="stmt" count="1"/>
        <line num="94" type="stmt" count="1"/>
        <line num="96" type="stmt" count="1"/>
        <line num="97" type="stmt" count="1"/>
        <line num="98" type="stmt" count="1"/>
        <line num="99" type="stmt" count="1"/>
        <line num="101" type="stmt" count="1"/>
        <line num="102" type="stmt" count="1"/>
        <line num="105" type="method" name="test_end_term_updates_status" visibility="public" complexity="1" crap="1" count="1"/>
        <line num="107" type="stmt" count="1"/>
        <line num="108" type="stmt" count="1"/>
        <line num="109" type="stmt" count="1"/>
        <line num="110" type="stmt" count="1"/>
        <line num="112" type="stmt" count="1"/>
        <line num="113" type="stmt" count="1"/>
        <line num="114" type="stmt" count="1"/>
        <line num="115" type="stmt" count="1"/>
        <line num="117" type="stmt" count="1"/>
        <line num="118" type="stmt" count="1"/>
        <line num="119" type="stmt" count="1"/>
        <line num="121" type="stmt" count="1"/>
        <line num="122" type="stmt" count="1"/>
        <line num="125" type="method" name="test_end_term_rejects_end_before_start" visibility="public" complexity="1" crap="1" count="1"/>
        <line num="127" type="stmt" count="1"/>
        <line num="128" type="stmt" count="1"/>
        <line num="129" type="stmt" count="1"/>
        <line num="130" type="stmt" count="1"/>
        <line num="132" type="stmt" count="1"/>
        <line num="133" type="stmt" count="1"/>
        <line num="134" type="stmt" count="1"/>
        <line num="135" type="stmt" count="1"/>
        <line num="137" type="stmt" count="1"/>
        <line num="139" type="stmt" count="1"/>
        <line num="140" type="stmt" count="1"/>
        <line num="141" type="stmt" count="1"/>
        <line num="144" type="method" name="test_end_term_rejects_missing_term" visibility="public" complexity="1" crap="1" count="1"/>
        <line num="146" type="stmt" count="1"/>
        <line num="148" type="stmt" count="1"/>
        <line num="150" type="stmt" count="1"/>
        <line num="151" type="stmt" count="1"/>
        <line num="152" type="stmt" count="1"/>
        <line num="155" type="method" name="createPerson" visibility="private" complexity="1" crap="1" count="6"/>
        <line num="157" type="stmt" count="6"/>
        <line num="158" type="stmt" count="6"/>
        <line num="159" type="stmt" count="6"/>
        <line num="160" type="stmt" count="6"/>
        <line num="161" type="stmt" count="6"/>
        <line num="163" type="stmt" count="6"/>
        <line num="164" type="stmt" count="6"/>
        <line num="165" type="stmt" count="6"/>
        <line num="166" type="stmt" count="6"/>
        <line num="167" type="stmt" count="6"/>
        <line num="168" type="stmt" count="6"/>
        <line num="169" type="stmt" count="6"/>
        <line num="170" type="stmt" count="6"/>
        <line num="171" type="stmt" count="6"/>
        <line num="172" type="stmt" count="6"/>
        <line num="173" type="stmt" count="6"/>
        <line num="174" type="stmt" count="6"/>
        <line num="177" type="method" name="createMarket" visibility="private" complexity="1" crap="1" count="7"/>
        <line num="179" type="stmt" count="7"/>
        <line num="180" type="stmt" count="7"/>
        <line num="181" type="stmt" count="7"/>
        <line num="182" type="stmt" count="7"/>
        <line num="183" type="stmt" count="7"/>
        <line num="184" type="stmt" count="7"/>
        <line num="185" type="stmt" count="7"/>
        <line num="186" type="stmt" count="7"/>
        <line num="187" type="stmt" count="7"/>
        <metrics loc="190" ncloc="190" classes="1" methods="10" coveredmethods="10" conditionals="0" coveredconditionals="0" statements="111" coveredstatements="111" elements="121" coveredelements="121"/>
      </file>
    </package>
    <package name="App\MarketGovernanceContext\Market\Application">
      <file name="/home/mirukibs/Development/TanTrade-B2B-Platform/Backend/app/MarketGovernanceContext/Market/Application/MarketService.php">
        <class name="App\MarketGovernanceContext\Market\Application\MarketService" namespace="App\MarketGovernanceContext\Market\Application">
          <metrics complexity="6" methods="5" coveredmethods="5" conditionals="0" coveredconditionals="0" statements="12" coveredstatements="12" elements="17" coveredelements="17"/>
        </class>
        <line num="11" type="method" name="__construct" visibility="public" complexity="1" crap="1" count="3"/>
        <line num="14" type="stmt" count="3"/>
        <line num="16" type="method" name="create" visibility="public" complexity="1" crap="1" count="2"/>
        <line num="18" type="stmt" count="2"/>
        <line num="19" type="stmt" count="2"/>
        <line num="21" type="stmt" count="2"/>
        <line num="24" type="method" name="update" visibility="public" complexity="1" crap="1" count="2"/>
        <line num="26" type="stmt" count="2"/>
        <line num="27" type="stmt" count="2"/>
        <line num="29" type="stmt" count="2"/>
        <line num="32" type="method" name="show" visibility="public" complexity="1" crap="1" count="3"/>
        <line num="34" type="stmt" count="3"/>
        <line num="37" type="method" name="requireMarket" visibility="private" complexity="2" crap="2" count="3"/>
        <line num="39" type="stmt" count="3"/>
        <line num="40" type="stmt" count="3"/>
        <line num="41" type="stmt" count="1"/>
        <line num="44" type="stmt" count="2"/>
        <metrics loc="47" ncloc="47" classes="1" methods="5" coveredmethods="5" conditionals="0" coveredconditionals="0" statements="12" coveredstatements="12" elements="17" coveredelements="17"/>
      </file>
    </package>
    <package name="App\MarketGovernanceContext\Market\Domain\Entities">
      <file name="/home/mirukibs/Development/TanTrade-B2B-Platform/Backend/app/MarketGovernanceContext/Market/Domain/Entities/Market.php">
        <class name="App\MarketGovernanceContext\Market\Domain\Entities\Market" namespace="App\MarketGovernanceContext\Market\Domain\Entities">
          <metrics complexity="6" methods="5" coveredmethods="5" conditionals="0" coveredconditionals="0" statements="35" coveredstatements="35" elements="40" coveredelements="40"/>
        </class>
        <line num="9" type="method" name="__construct" visibility="public" complexity="1" crap="1" count="4"/>
        <line num="19" type="stmt" count="4"/>
        <line num="21" type="method" name="id" visibility="public" complexity="1" crap="1" count="2"/>
        <line num="23" type="stmt" count="2"/>
        <line num="26" type="method" name="withUpdates" visibility="public" complexity="2" crap="2" count="4"/>
        <line num="28" type="stmt" count="4"/>
        <line num="29" type="stmt" count="4"/>
        <line num="30" type="stmt" count="4"/>
        <line num="31" type="stmt" count="4"/>
        <line num="32" type="stmt" count="4"/>
        <line num="33" type="stmt" count="4"/>
        <line num="34" type="stmt" count="4"/>
        <line num="35" type="stmt" count="4"/>
        <line num="36" type="stmt" count="4"/>
        <line num="37" type="stmt" count="4"/>
        <line num="38" type="stmt" count="4"/>
        <line num="41" type="method" name="withStatus" visibility="public" complexity="1" crap="1" count="1"/>
        <line num="43" type="stmt" count="1"/>
        <line num="44" type="stmt" count="1"/>
        <line num="45" type="stmt" count="1"/>
        <line num="46" type="stmt" count="1"/>
        <line num="47" type="stmt" count="1"/>
        <line num="48" type="stmt" count="1"/>
        <line num="49" type="stmt" count="1"/>
        <line num="50" type="stmt" count="1"/>
        <line num="51" type="stmt" count="1"/>
        <line num="52" type="stmt" count="1"/>
        <line num="53" type="stmt" count="1"/>
        <line num="56" type="method" name="toArray" visibility="public" complexity="1" crap="1" count="4"/>
        <line num="58" type="stmt" count="4"/>
        <line num="59" type="stmt" count="4"/>
        <line num="60" type="stmt" count="4"/>
        <line num="61" type="stmt" count="4"/>
        <line num="62" type="stmt" count="4"/>
        <line num="63" type="stmt" count="4"/>
        <line num="64" type="stmt" count="4"/>
        <line num="65" type="stmt" count="4"/>
        <line num="66" type="stmt" count="4"/>
        <line num="67" type="stmt" count="4"/>
        <line num="68" type="stmt" count="4"/>
        <metrics loc="71" ncloc="71" classes="1" methods="5" coveredmethods="5" conditionals="0" coveredconditionals="0" statements="35" coveredstatements="35" elements="40" coveredelements="40"/>
      </file>
    </package>
    <package name="App\MarketGovernanceContext\Market\Domain\Factories">
      <file name="/home/mirukibs/Development/TanTrade-B2B-Platform/Backend/app/MarketGovernanceContext/Market/Domain/Factories/MarketFactory.php">
        <class name="App\MarketGovernanceContext\Market\Domain\Factories\MarketFactory" namespace="App\MarketGovernanceContext\Market\Domain\Factories">
          <metrics complexity="4" methods="2" coveredmethods="2" conditionals="0" coveredconditionals="0" statements="22" coveredstatements="22" elements="24" coveredelements="24"/>
        </class>
        <line num="11" type="method" name="create" visibility="public" complexity="1" crap="1" count="3"/>
        <line num="13" type="stmt" count="3"/>
        <line num="14" type="stmt" count="3"/>
        <line num="15" type="stmt" count="3"/>
        <line num="16" type="stmt" count="3"/>
        <line num="17" type="stmt" count="3"/>
        <line num="18" type="stmt" count="3"/>
        <line num="19" type="stmt" count="3"/>
        <line num="20" type="stmt" count="3"/>
        <line num="21" type="stmt" count="3"/>
        <line num="22" type="stmt" count="3"/>
        <line num="23" type="stmt" count="3"/>
        <line num="26" type="method" name="fromState" visibility="public" complexity="3" crap="3" count="3"/>
        <line num="28" type="stmt" count="3"/>
        <line num="29" type="stmt" count="3"/>
        <line num="30" type="stmt" count="3"/>
        <line num="31" type="stmt" count="3"/>
        <line num="32" type="stmt" count="3"/>
        <line num="33" type="stmt" count="3"/>
        <line num="34" type="stmt" count="3"/>
        <line num="35" type="stmt" count="3"/>
        <line num="36" type="stmt" count="3"/>
        <line num="37" type="stmt" count="3"/>
        <line num="38" type="stmt" count="3"/>
        <metrics loc="41" ncloc="41" classes="1" methods="2" coveredmethods="2" conditionals="0" coveredconditionals="0" statements="22" coveredstatements="22" elements="24" coveredelements="24"/>
      </file>
    </package>
    <file name="/home/mirukibs/Development/TanTrade-B2B-Platform/Backend/app/MarketGovernanceContext/Market/Domain/Repositories/MarketRepository.php">
      <metrics loc="16" ncloc="16" classes="0" methods="0" coveredmethods="0" conditionals="0" coveredconditionals="0" statements="0" coveredstatements="0" elements="0" coveredelements="0"/>
    </file>
    <package name="App\MarketGovernanceContext\Market\Infrastructure">
      <file name="/home/mirukibs/Development/TanTrade-B2B-Platform/Backend/app/MarketGovernanceContext/Market/Infrastructure/MarketServiceProvider.php">
        <class name="App\MarketGovernanceContext\Market\Infrastructure\MarketServiceProvider" namespace="App\MarketGovernanceContext\Market\Infrastructure">
          <metrics complexity="2" methods="2" coveredmethods="2" conditionals="0" coveredconditionals="0" statements="5" coveredstatements="5" elements="7" coveredelements="7"/>
        </class>
        <line num="12" type="method" name="register" visibility="public" complexity="1" crap="1" count="67"/>
        <line num="14" type="stmt" count="67"/>
        <line num="17" type="method" name="boot" visibility="public" complexity="1" crap="1" count="67"/>
        <line num="19" type="stmt" count="67"/>
        <line num="21" type="stmt" count="67"/>
        <line num="22" type="stmt" count="67"/>
        <line num="23" type="stmt" count="67"/>
        <metrics loc="26" ncloc="26" classes="1" methods="2" coveredmethods="2" conditionals="0" coveredconditionals="0" statements="5" coveredstatements="5" elements="7" coveredelements="7"/>
      </file>
    </package>
    <package name="App\MarketGovernanceContext\Market\Infrastructure\Models">
      <file name="/home/mirukibs/Development/TanTrade-B2B-Platform/Backend/app/MarketGovernanceContext/Market/Infrastructure/Models/Market.php">
        <class name="App\MarketGovernanceContext\Market\Infrastructure\Models\Market" namespace="App\MarketGovernanceContext\Market\Infrastructure\Models">
          <metrics complexity="0" methods="0" coveredmethods="0" conditionals="0" coveredconditionals="0" statements="0" coveredstatements="0" elements="0" coveredelements="0"/>
        </class>
        <metrics loc="24" ncloc="24" classes="0" methods="0" coveredmethods="0" conditionals="0" coveredconditionals="0" statements="0" coveredstatements="0" elements="0" coveredelements="0"/>
      </file>
    </package>
    <file name="/home/mirukibs/Development/TanTrade-B2B-Platform/Backend/app/MarketGovernanceContext/Market/Infrastructure/Persistence/Migrations/2026_05_08_000002_create_market_governance_markets_table.php">
      <line num="7" type="stmt" count="1"/>
      <line num="8" type="stmt" count="1"/>
      <line num="11" type="stmt" count="1"/>
      <line num="12" type="stmt" count="1"/>
      <line num="13" type="stmt" count="1"/>
      <line num="14" type="stmt" count="1"/>
      <line num="15" type="stmt" count="1"/>
      <line num="16" type="stmt" count="1"/>
      <line num="17" type="stmt" count="1"/>
      <line num="18" type="stmt" count="1"/>
      <line num="19" type="stmt" count="1"/>
      <line num="20" type="stmt" count="1"/>
      <line num="22" type="stmt" count="1"/>
      <line num="23" type="stmt" count="1"/>
      <line num="28" type="stmt" count="0"/>
      <line num="30" type="stmt" count="1"/>
      <metrics loc="31" ncloc="31" classes="0" methods="0" coveredmethods="0" conditionals="0" coveredconditionals="0" statements="16" coveredstatements="15" elements="16" coveredelements="15"/>
    </file>
    <package name="App\MarketGovernanceContext\Market\Infrastructure\Repositories">
      <file name="/home/mirukibs/Development/TanTrade-B2B-Platform/Backend/app/MarketGovernanceContext/Market/Infrastructure/Repositories/EloquentMarketRepository.php">
        <class name="App\MarketGovernanceContext\Market\Infrastructure\Repositories\EloquentMarketRepository" namespace="App\MarketGovernanceContext\Market\Infrastructure\Repositories">
          <metrics complexity="5" methods="4" coveredmethods="4" conditionals="0" coveredconditionals="0" statements="29" coveredstatements="29" elements="33" coveredelements="33"/>
        </class>
        <line num="14" type="method" name="__construct" visibility="public" complexity="1" crap="1" count="4"/>
        <line num="16" type="method" name="create" visibility="public" complexity="1" crap="1" count="3"/>
        <line num="18" type="stmt" count="3"/>
        <line num="20" type="stmt" count="3"/>
        <line num="21" type="stmt" count="3"/>
        <line num="22" type="stmt" count="3"/>
        <line num="23" type="stmt" count="3"/>
        <line num="24" type="stmt" count="3"/>
        <line num="25" type="stmt" count="3"/>
        <line num="26" type="stmt" count="3"/>
        <line num="27" type="stmt" count="3"/>
        <line num="28" type="stmt" count="3"/>
        <line num="30" type="stmt" count="3"/>
        <line num="33" type="method" name="update" visibility="public" complexity="1" crap="1" count="3"/>
        <line num="35" type="stmt" count="3"/>
        <line num="37" type="stmt" count="3"/>
        <line num="38" type="stmt" count="3"/>
        <line num="39" type="stmt" count="3"/>
        <line num="40" type="stmt" count="3"/>
        <line num="41" type="stmt" count="3"/>
        <line num="42" type="stmt" count="3"/>
        <line num="43" type="stmt" count="3"/>
        <line num="44" type="stmt" count="3"/>
        <line num="45" type="stmt" count="3"/>
        <line num="46" type="stmt" count="3"/>
        <line num="47" type="stmt" count="3"/>
        <line num="49" type="stmt" count="3"/>
        <line num="52" type="method" name="findById" visibility="public" complexity="2" crap="2" count="4"/>
        <line num="54" type="stmt" count="4"/>
        <line num="55" type="stmt" count="4"/>
        <line num="56" type="stmt" count="1"/>
        <line num="59" type="stmt" count="3"/>
        <metrics loc="62" ncloc="62" classes="1" methods="4" coveredmethods="4" conditionals="0" coveredconditionals="0" statements="29" coveredstatements="29" elements="33" coveredelements="33"/>
      </file>
    </package>
    <package name="App\MarketGovernanceContext\Market\Presentation\Http">
      <file name="/home/mirukibs/Development/TanTrade-B2B-Platform/Backend/app/MarketGovernanceContext/Market/Presentation/Http/MarketController.php">
        <class name="App\MarketGovernanceContext\Market\Presentation\Http\MarketController" namespace="App\MarketGovernanceContext\Market\Presentation\Http">
          <metrics complexity="3" methods="3" coveredmethods="3" conditionals="0" coveredconditionals="0" statements="21" coveredstatements="21" elements="24" coveredelements="24"/>
        </class>
        <line num="13" type="method" name="store" visibility="public" complexity="1" crap="1" count="1"/>
        <line num="15" type="stmt" count="1"/>
        <line num="16" type="stmt" count="1"/>
        <line num="17" type="stmt" count="1"/>
        <line num="18" type="stmt" count="1"/>
        <line num="19" type="stmt" count="1"/>
        <line num="20" type="stmt" count="1"/>
        <line num="21" type="stmt" count="1"/>
        <line num="22" type="stmt" count="1"/>
        <line num="24" type="stmt" count="1"/>
        <line num="26" type="stmt" count="1"/>
        <line num="29" type="method" name="show" visibility="public" complexity="1" crap="1" count="1"/>
        <line num="31" type="stmt" count="1"/>
[...]
      </file>
    </package>
    <file name="/home/mirukibs/Development/TanTrade-B2B-Platform/Backend/app/MatchingContext/Taxonomy/Domain/Repositories/TaxonomyRepository.php">
      <metrics loc="40" ncloc="35" classes="0" methods="0" coveredmethods="0" conditionals="0" coveredconditionals="0" statements="0" coveredstatements="0" elements="0" coveredelements="0"/>
    </file>
    <package name="App\MatchingContext\Taxonomy\Infrastructure\Models">
      <file name="/home/mirukibs/Development/TanTrade-B2B-Platform/Backend/app/MatchingContext/Taxonomy/Infrastructure/Models/AttributeValue.php">
        <class name="App\MatchingContext\Taxonomy\Infrastructure\Models\AttributeValue" namespace="App\MatchingContext\Taxonomy\Infrastructure\Models">
          <metrics complexity="1" methods="1" coveredmethods="0" conditionals="0" coveredconditionals="0" statements="1" coveredstatements="0" elements="2" coveredelements="0"/>
        </class>
        <line num="23" type="method" name="attribute" visibility="public" complexity="1" crap="2" count="0"/>
        <line num="25" type="stmt" count="0"/>
        <metrics loc="28" ncloc="28" classes="1" methods="1" coveredmethods="0" conditionals="0" coveredconditionals="0" statements="1" coveredstatements="0" elements="2" coveredelements="0"/>
      </file>
      <file name="/home/mirukibs/Development/TanTrade-B2B-Platform/Backend/app/MatchingContext/Taxonomy/Infrastructure/Models/ServiceAttribute.php">
        <class name="App\MatchingContext\Taxonomy\Infrastructure\Models\ServiceAttribute" namespace="App\MatchingContext\Taxonomy\Infrastructure\Models">
          <metrics complexity="2" methods="2" coveredmethods="0" conditionals="0" coveredconditionals="0" statements="2" coveredstatements="0" elements="4" coveredelements="0"/>
        </class>
        <line num="24" type="method" name="serviceType" visibility="public" complexity="1" crap="2" count="0"/>
        <line num="26" type="stmt" count="0"/>
        <line num="29" type="method" name="values" visibility="public" complexity="1" crap="2" count="0"/>
        <line num="31" type="stmt" count="0"/>
        <metrics loc="34" ncloc="34" classes="1" methods="2" coveredmethods="0" conditionals="0" coveredconditionals="0" statements="2" coveredstatements="0" elements="4" coveredelements="0"/>
      </file>
      <file name="/home/mirukibs/Development/TanTrade-B2B-Platform/Backend/app/MatchingContext/Taxonomy/Infrastructure/Models/ServiceCategory.php">
        <class name="App\MatchingContext\Taxonomy\Infrastructure\Models\ServiceCategory" namespace="App\MatchingContext\Taxonomy\Infrastructure\Models">
          <metrics complexity="3" methods="3" coveredmethods="0" conditionals="0" coveredconditionals="0" statements="3" coveredstatements="0" elements="6" coveredelements="0"/>
        </class>
        <line num="26" type="method" name="parent" visibility="public" complexity="1" crap="2" count="0"/>
        <line num="28" type="stmt" count="0"/>
        <line num="31" type="method" name="children" visibility="public" complexity="1" crap="2" count="0"/>
        <line num="33" type="stmt" count="0"/>
        <line num="36" type="method" name="serviceTypes" visibility="public" complexity="1" crap="2" count="0"/>
        <line num="38" type="stmt" count="0"/>
        <metrics loc="41" ncloc="41" classes="1" methods="3" coveredmethods="0" conditionals="0" coveredconditionals="0" statements="3" coveredstatements="0" elements="6" coveredelements="0"/>
      </file>
      <file name="/home/mirukibs/Development/TanTrade-B2B-Platform/Backend/app/MatchingContext/Taxonomy/Infrastructure/Models/ServiceType.php">
        <class name="App\MatchingContext\Taxonomy\Infrastructure\Models\ServiceType" namespace="App\MatchingContext\Taxonomy\Infrastructure\Models">
          <metrics complexity="2" methods="2" coveredmethods="0" conditionals="0" coveredconditionals="0" statements="2" coveredstatements="0" elements="4" coveredelements="0"/>
        </class>
        <line num="25" type="method" name="category" visibility="public" complexity="1" crap="2" count="0"/>
        <line num="27" type="stmt" count="0"/>
        <line num="30" type="method" name="attributes" visibility="public" complexity="1" crap="2" count="0"/>
        <line num="32" type="stmt" count="0"/>
        <metrics loc="35" ncloc="35" classes="1" methods="2" coveredmethods="0" conditionals="0" coveredconditionals="0" statements="2" coveredstatements="0" elements="4" coveredelements="0"/>
      </file>
    </package>
    <file name="/home/mirukibs/Development/TanTrade-B2B-Platform/Backend/app/MatchingContext/Taxonomy/Infrastructure/Persistence/Migrations/2026_05_01_000000_create_taxonomy_tables.php">
      <line num="7" type="stmt" count="1"/>
      <line num="8" type="stmt" count="1"/>
      <line num="11" type="stmt" count="1"/>
      <line num="12" type="stmt" count="1"/>
      <line num="13" type="stmt" count="1"/>
      <line num="14" type="stmt" count="1"/>
      <line num="15" type="stmt" count="1"/>
      <line num="16" type="stmt" count="1"/>
      <line num="18" type="stmt" count="1"/>
      <line num="19" type="stmt" count="1"/>
      <line num="21" type="stmt" count="1"/>
      <line num="22" type="stmt" count="1"/>
      <line num="23" type="stmt" count="1"/>
      <line num="24" type="stmt" count="1"/>
      <line num="25" type="stmt" count="1"/>
      <line num="27" type="stmt" count="1"/>
      <line num="28" type="stmt" count="1"/>
      <line num="30" type="stmt" count="1"/>
      <line num="31" type="stmt" count="1"/>
      <line num="32" type="stmt" count="1"/>
      <line num="33" type="stmt" count="1"/>
      <line num="35" type="stmt" count="1"/>
      <line num="36" type="stmt" count="1"/>
      <line num="38" type="stmt" count="1"/>
      <line num="39" type="stmt" count="1"/>
      <line num="40" type="stmt" count="1"/>
      <line num="41" type="stmt" count="1"/>
      <line num="43" type="stmt" count="1"/>
      <line num="44" type="stmt" count="1"/>
      <line num="49" type="stmt" count="0"/>
      <line num="50" type="stmt" count="0"/>
      <line num="51" type="stmt" count="0"/>
      <line num="52" type="stmt" count="0"/>
      <line num="54" type="stmt" count="1"/>
      <metrics loc="55" ncloc="55" classes="0" methods="0" coveredmethods="0" conditionals="0" coveredconditionals="0" statements="34" coveredstatements="30" elements="34" coveredelements="30"/>
    </file>
    <package name="App\MatchingContext\Taxonomy\Infrastructure\Repositories">
      <file name="/home/mirukibs/Development/TanTrade-B2B-Platform/Backend/app/MatchingContext/Taxonomy/Infrastructure/Repositories/EloquentTaxonomyRepository.php">
        <class name="App\MatchingContext\Taxonomy\Infrastructure\Repositories\EloquentTaxonomyRepository" namespace="App\MatchingContext\Taxonomy\Infrastructure\Repositories">
          <metrics complexity="14" methods="12" coveredmethods="10" conditionals="0" coveredconditionals="0" statements="36" coveredstatements="34" elements="48" coveredelements="44"/>
        </class>
        <line num="19" type="method" name="__construct" visibility="public" complexity="1" crap="1" count="7"/>
        <line num="21" type="method" name="createCategory" visibility="public" complexity="1" crap="1" count="1"/>
        <line num="23" type="stmt" count="1"/>
        <line num="24" type="stmt" count="1"/>
        <line num="26" type="stmt" count="1"/>
        <line num="29" type="method" name="createServiceType" visibility="public" complexity="1" crap="1" count="1"/>
        <line num="31" type="stmt" count="1"/>
        <line num="32" type="stmt" count="1"/>
        <line num="34" type="stmt" count="1"/>
        <line num="37" type="method" name="createAttribute" visibility="public" complexity="1" crap="1" count="1"/>
        <line num="39" type="stmt" count="1"/>
        <line num="40" type="stmt" count="1"/>
        <line num="42" type="stmt" count="1"/>
        <line num="45" type="method" name="createAttributeValue" visibility="public" complexity="1" crap="1" count="1"/>
        <line num="47" type="stmt" count="1"/>
        <line num="48" type="stmt" count="1"/>
        <line num="50" type="stmt" count="1"/>
        <line num="53" type="method" name="listCategories" visibility="public" complexity="1" crap="1" count="1"/>
        <line num="55" type="stmt" count="1"/>
        <line num="56" type="stmt" count="1"/>
        <line num="57" type="stmt" count="1"/>
        <line num="60" type="method" name="listCategoriesByParent" visibility="public" complexity="1" crap="1" count="3"/>
        <line num="62" type="stmt" count="3"/>
        <line num="63" type="stmt" count="2"/>
        <line num="64" type="stmt" count="3"/>
        <line num="67" type="method" name="listServiceTypes" visibility="public" complexity="1" crap="1" count="1"/>
        <line num="69" type="stmt" count="1"/>
        <line num="70" type="stmt" count="1"/>
        <line num="71" type="stmt" count="1"/>
        <line num="74" type="method" name="listServiceTypesByCategoryIds" visibility="public" complexity="1" crap="1" count="3"/>
        <line num="76" type="stmt" count="3"/>
        <line num="77" type="stmt" count="3"/>
        <line num="78" type="stmt" count="3"/>
        <line num="81" type="method" name="listAttributes" visibility="public" complexity="1" crap="1" count="1"/>
        <line num="83" type="stmt" count="1"/>
        <line num="84" type="stmt" count="1"/>
        <line num="85" type="stmt" count="1"/>
        <line num="88" type="method" name="findCategoryById" visibility="public" complexity="2" crap="2.06" count="3"/>
        <line num="90" type="stmt" count="3"/>
        <line num="91" type="stmt" count="3"/>
        <line num="92" type="stmt" count="0"/>
        <line num="95" type="stmt" count="3"/>
        <line num="98" type="method" name="findServiceTypeById" visibility="public" complexity="2" crap="2.06" count="3"/>
        <line num="100" type="stmt" count="3"/>
        <line num="101" type="stmt" count="3"/>
        <line num="102" type="stmt" count="0"/>
        <line num="105" type="stmt" count="3"/>
        <metrics loc="108" ncloc="108" classes="1" methods="12" coveredmethods="10" conditionals="0" coveredconditionals="0" statements="36" coveredstatements="34" elements="48" coveredelements="44"/>
      </file>
    </package>
    <package name="App\MatchingContext\Taxonomy\Infrastructure">
      <file name="/home/mirukibs/Development/TanTrade-B2B-Platform/Backend/app/MatchingContext/Taxonomy/Infrastructure/TaxonomyServiceProvider.php">
        <class name="App\MatchingContext\Taxonomy\Infrastructure\TaxonomyServiceProvider" namespace="App\MatchingContext\Taxonomy\Infrastructure">
          <metrics complexity="2" methods="2" coveredmethods="2" conditionals="0" coveredconditionals="0" statements="5" coveredstatements="5" elements="7" coveredelements="7"/>
        </class>
        <line num="12" type="method" name="register" visibility="public" complexity="1" crap="1" count="67"/>
        <line num="14" type="stmt" count="67"/>
        <line num="17" type="method" name="boot" visibility="public" complexity="1" crap="1" count="67"/>
        <line num="19" type="stmt" count="67"/>
        <line num="21" type="stmt" count="67"/>
        <line num="22" type="stmt" count="67"/>
        <line num="23" type="stmt" count="67"/>
        <metrics loc="26" ncloc="26" classes="1" methods="2" coveredmethods="2" conditionals="0" coveredconditionals="0" statements="5" coveredstatements="5" elements="7" coveredelements="7"/>
      </file>
    </package>
    <package name="App\MatchingContext\Taxonomy\Presentation\Http">
      <file name="/home/mirukibs/Development/TanTrade-B2B-Platform/Backend/app/MatchingContext/Taxonomy/Presentation/Http/TaxonomyController.php">
        <class name="App\MatchingContext\Taxonomy\Presentation\Http\TaxonomyController" namespace="App\MatchingContext\Taxonomy\Presentation\Http">
          <metrics complexity="5" methods="5" coveredmethods="5" conditionals="0" coveredconditionals="0" statements="28" coveredstatements="28" elements="33" coveredelements="33"/>
        </class>
        <line num="11" type="method" name="storeCategory" visibility="public" complexity="1" crap="1" count="1"/>
        <line num="13" type="stmt" count="1"/>
        <line num="14" type="stmt" count="1"/>
        <line num="15" type="stmt" count="1"/>
        <line num="16" type="stmt" count="1"/>
        <line num="17" type="stmt" count="1"/>
        <line num="18" type="stmt" count="1"/>
        <line num="20" type="stmt" count="1"/>
        <line num="22" type="stmt" count="1"/>
        <line num="25" type="method" name="storeServiceType" visibility="public" complexity="1" crap="1" count="1"/>
        <line num="27" type="stmt" count="1"/>
        <line num="28" type="stmt" count="1"/>
        <line num="29" type="stmt" count="1"/>
        <line num="30" type="stmt" count="1"/>
        <line num="31" type="stmt" count="1"/>
        <line num="33" type="stmt" count="1"/>
        <line num="35" type="stmt" count="1"/>
        <line num="38" type="method" name="storeAttribute" visibility="public" complexity="1" crap="1" count="1"/>
        <line num="40" type="stmt" count="1"/>
        <line num="41" type="stmt" count="1"/>
        <line num="42" type="stmt" count="1"/>
        <line num="43" type="stmt" count="1"/>
        <line num="45" type="stmt" count="1"/>
        <line num="47" type="stmt" count="1"/>
        <line num="50" type="method" name="storeAttributeValue" visibility="public" complexity="1" crap="1" count="1"/>
        <line num="52" type="stmt" count="1"/>
        <line num="53" type="stmt" count="1"/>
        <line num="54" type="stmt" count="1"/>
        <line num="55" type="stmt" count="1"/>
        <line num="57" type="stmt" count="1"/>
        <line num="59" type="stmt" count="1"/>
        <line num="62" type="method" name="index" visibility="public" complexity="1" crap="1" count="1"/>
        <line num="64" type="stmt" count="1"/>
        <metrics loc="67" ncloc="67" classes="1" methods="5" coveredmethods="5" conditionals="0" coveredconditionals="0" statements="28" coveredstatements="28" elements="33" coveredelements="33"/>
      </file>
    </package>
    <file name="/home/mirukibs/Development/TanTrade-B2B-Platform/Backend/app/MatchingContext/Taxonomy/Presentation/api.php">
      <line num="6" type="stmt" count="67"/>
      <line num="7" type="stmt" count="67"/>
      <line num="8" type="stmt" count="67"/>
      <line num="9" type="stmt" count="67"/>
      <line num="10" type="stmt" count="67"/>
      <line num="11" type="stmt" count="67"/>
      <line num="12" type="stmt" count="67"/>
      <metrics loc="13" ncloc="13" classes="0" methods="0" coveredmethods="0" conditionals="0" coveredconditionals="0" statements="7" coveredstatements="7" elements="7" coveredelements="7"/>
    </file>
    <package name="App\MatchingContext\Taxonomy\Tests\Feature">
      <file name="/home/mirukibs/Development/TanTrade-B2B-Platform/Backend/app/MatchingContext/Taxonomy/Tests/Feature/TaxonomyApiTest.php">
        <class name="App\MatchingContext\Taxonomy\Tests\Feature\TaxonomyApiTest" namespace="App\MatchingContext\Taxonomy\Tests\Feature">
          <metrics complexity="1" methods="1" coveredmethods="1" conditionals="0" coveredconditionals="0" statements="26" coveredstatements="26" elements="27" coveredelements="27"/>
        </class>
        <line num="12" type="method" name="test_taxonomy_endpoints" visibility="public" complexity="1" crap="1" count="1"/>
        <line num="14" type="stmt" count="1"/>
        <line num="15" type="stmt" count="1"/>
        <line num="16" type="stmt" count="1"/>
        <line num="17" type="stmt" count="1"/>
        <line num="18" type="stmt" count="1"/>
        <line num="20" type="stmt" count="1"/>
        <line num="21" type="stmt" count="1"/>
        <line num="22" type="stmt" count="1"/>
        <line num="23" type="stmt" count="1"/>
        <line num="24" type="stmt" count="1"/>
        <line num="25" type="stmt" count="1"/>
        <line num="27" type="stmt" count="1"/>
        <line num="28" type="stmt" count="1"/>
        <line num="29" type="stmt" count="1"/>
        <line num="30" type="stmt" count="1"/>
        <line num="31" type="stmt" count="1"/>
        <line num="33" type="stmt" count="1"/>
        <line num="34" type="stmt" count="1"/>
        <line num="35" type="stmt" count="1"/>
        <line num="36" type="stmt" count="1"/>
        <line num="38" type="stmt" count="1"/>
        <line num="39" type="stmt" count="1"/>
        <line num="40" type="stmt" count="1"/>
        <line num="41" type="stmt" count="1"/>
        <line num="43" type="stmt" count="1"/>
        <line num="44" type="stmt" count="1"/>
        <metrics loc="47" ncloc="47" classes="1" methods="1" coveredmethods="1" conditionals="0" coveredconditionals="0" statements="26" coveredstatements="26" elements="27" coveredelements="27"/>
      </file>
    </package>
    <package name="App\MatchingContext\Taxonomy\Tests\Unit">
      <file name="/home/mirukibs/Development/TanTrade-B2B-Platform/Backend/app/MatchingContext/Taxonomy/Tests/Unit/TaxonomyFactoryTest.php">
        <class name="App\MatchingContext\Taxonomy\Tests\Unit\TaxonomyFactoryTest" namespace="App\MatchingContext\Taxonomy\Tests\Unit">
          <metrics complexity="1" methods="1" coveredmethods="1" conditionals="0" coveredconditionals="0" statements="36" coveredstatements="36" elements="37" coveredelements="37"/>
        </class>
        <line num="11" type="method" name="test_factory_creates_and_rehydrates" visibility="public" complexity="1" crap="1" count="1"/>
        <line num="13" type="stmt" count="1"/>
        <line num="15" type="stmt" count="1"/>
        <line num="16" type="stmt" count="1"/>
        <line num="17" type="stmt" count="1"/>
        <line num="18" type="stmt" count="1"/>
        <line num="19" type="stmt" count="1"/>
        <line num="20" type="stmt" count="1"/>
        <line num="22" type="stmt" count="1"/>
        <line num="23" type="stmt" count="1"/>
        <line num="24" type="stmt" count="1"/>
        <line num="25" type="stmt" count="1"/>
        <line num="26" type="stmt" count="1"/>
        <line num="28" type="stmt" count="1"/>
        <line num="29" type="stmt" count="1"/>
        <line num="30" type="stmt" count="1"/>
        <line num="31" type="stmt" count="1"/>
        <line num="33" type="stmt" count="1"/>
        <line num="34" type="stmt" count="1"/>
        <line num="35" type="stmt" count="1"/>
        <line num="36" type="stmt" count="1"/>
        <line num="38" type="stmt" count="1"/>
        <line num="39" type="stmt" count="1"/>
        <line num="41" type="stmt" count="1"/>
        <line num="42" type="stmt" count="1"/>
        <line num="44" type="stmt" count="1"/>
        <line num="45" type="stmt" count="1"/>
        <line num="47" type="stmt" count="1"/>
        <line num="48" type="stmt" count="1"/>
        <line num="50" type="stmt" count="1"/>
        <line num="51" type="stmt" count="1"/>
        <line num="52" type="stmt" count="1"/>
        <line num="53" type="stmt" count="1"/>
        <line num="54" type="stmt" count="1"/>
        <line num="55" type="stmt" count="1"/>
        <line num="56" type="stmt" count="1"/>
        <line num="58" type="stmt" count="1"/>
        <metrics loc="61" ncloc="61" classes="1" methods="1" coveredmethods="1" conditionals="0" coveredconditionals="0" statements="36" coveredstatements="36" elements="37" coveredelements="37"/>
      </file>
    </package>
    <metrics files="209" loc="11418" ncloc="11384" classes="172" methods="547" coveredmethods="504" conditionals="0" coveredconditionals="0" statements="5103" coveredstatements="5026" elements="5650" coveredelements="5530"/>
  </project>
</coverage>
